<?xml version="1.0" encoding="UTF-8"?>
<testsuite name="app.domain.IndexTest" tests="5" skipped="0" failures="0" errors="0" timestamp="2025-11-24T05:04:08" hostname="LHS.local" time="0.028">
  <properties/>
  <testcase name="빈 맵으로 Index를 생성하면 비어 있는 stagedFiles를 가진다" classname="app.domain.IndexTest" time="0.021"/>
  <testcase name="stagedFiles가 null이면 예외가 발생한다" classname="app.domain.IndexTest" time="0.002"/>
  <testcase name="유효한 stagedFiles로 Index를 생성하면 불변 맵이 생성된다" classname="app.domain.IndexTest" time="0.002"/>
  <testcase name="파일 경로가 null인 항목이 있으면 예외가 발생한다" classname="app.domain.IndexTest" time="0.001"/>
  <testcase name="파일 OID가 null인 항목이 있으면 예외가 발생한다" classname="app.domain.IndexTest" time="0.001"/>
  <system-out><![CDATA[]]></system-out>
  <system-err><![CDATA[]]></system-err>
</testsuite>
